Building documentation...
Initializing...
Merging XML documentation...
Building file mapping...
Loading XSLT files...
    namespace.xslt
    namespacehierarchy.xslt
    type.xslt
    typehierarchy.xslt
    allmembers.xslt
    individualmembers.xslt
    event.xslt
    member.xslt
    memberoverload.xslt
    property.xslt
    field.xslt
    htmlcontents.xslt
Generating HTML pages...
Lewis.SST.html
Lewis.SSTHierarchy.html
Lewis.SST.SQLSchemaTool.html
Lewis.SST.SQLSchemaToolMembers.html
Lewis.SST.SQLSchemaToolConstructor.html
Lewis.SST.SQLSchemaToolStaticConstructor.html
Lewis.SST.SQLSchemaToolFields.html
Lewis.SST.SQLSchemaTool._DIFFFILE.html
Lewis.SST.SQLSchemaTool._OUTPUTFILE.html
Lewis.SST.SQLSchemaTool._threaded.html
Lewis.SST.SQLSchemaTool.DEFAULTPATH.html
Lewis.SST.SQLSchemaTool.DEFAULTTEXT.html
Lewis.SST.SQLSchemaTool.ERRORFORMAT.html
Lewis.SST.SQLSchemaTool.FUNCDEP.html
Lewis.SST.SQLSchemaTool.FUNCPATH.html
Lewis.SST.SQLSchemaTool.FUNCTEXT.html
Lewis.SST.SQLSchemaTool.logger.html
Lewis.SST.SQLSchemaTool.nsmgr_Dest.html
Lewis.SST.SQLSchemaTool.nsmgr_Source.html
Lewis.SST.SQLSchemaTool.RULEPATH.html
Lewis.SST.SQLSchemaTool.RULETEXT.html
Lewis.SST.SQLSchemaTool.SPROCDEP.html
Lewis.SST.SQLSchemaTool.SPROCPATH.html
Lewis.SST.SQLSchemaTool.SPROCTEXT.html
Lewis.SST.SQLSchemaTool.TRIGGERPATH.html
Lewis.SST.SQLSchemaTool.TRIGGERTEXT.html
Lewis.SST.SQLSchemaTool.UDDTPATH.html
Lewis.SST.SQLSchemaTool.UDDTTEXT.html
Lewis.SST.SQLSchemaTool.VIEWDEP.html
Lewis.SST.SQLSchemaTool.VIEWPATH.html
Lewis.SST.SQLSchemaTool.VIEWTEXT.html
Lewis.SST.SQLSchemaToolMethods.html
Lewis.SST.SQLSchemaTool.CheckColumnDependencies.html
Lewis.SST.SQLSchemaTool.CompareColumns.html
Lewis.SST.SQLSchemaTool.CompareObjects_overloads.html
Lewis.SST.SQLSchemaTool.CompareObjects_overload_1.html
Lewis.SST.SQLSchemaTool.CompareObjects_overload_2.html
Lewis.SST.SQLSchemaTool.CompareSchema.html
Lewis.SST.SQLSchemaTool.CompareTableObjs.html
Lewis.SST.SQLSchemaTool.CompareTables_overloads.html
Lewis.SST.SQLSchemaTool.CompareTables_overload_1.html
Lewis.SST.SQLSchemaTool.CompareTables_overload_2.html
Lewis.SST.SQLSchemaTool.FindNode.html
Lewis.SST.SQLSchemaTool.RecurseDependencies.html
Lewis.SST.SQLSchemaTool.SerializeDB.html
Lewis.SST.SQLSchemaTool.Sleep.html
Lewis.SST.SQLSchemaTool.SortDependencies.html
Lewis.SST.SQLSchemaTool._NodeType.html
Lewis.SST.Help.html
Lewis.SST.HelpHierarchy.html
Lewis.SST.Help.About.html
Lewis.SST.Help.AboutMembers.html
Lewis.SST.Help.AboutConstructor.html
Lewis.SST.Help.AboutConstructor1.html
Lewis.SST.Help.AboutConstructor2.html
Lewis.SST.Help.AboutConstructor3.html
Lewis.SST.Help.AboutFields.html
Lewis.SST.Help.About._message.html
Lewis.SST.Help.About.btnOk.html
Lewis.SST.Help.About.components.html
Lewis.SST.Help.About.label1.html
Lewis.SST.Help.About.label2.html
Lewis.SST.Help.About.label3.html
Lewis.SST.Help.About.label4.html
Lewis.SST.Help.About.label5.html
Lewis.SST.Help.About.label6.html
Lewis.SST.Help.About.Logo.html
Lewis.SST.Help.About.panel1.html
Lewis.SST.Help.About.panel2.html
Lewis.SST.Help.About.panelAbout.html
Lewis.SST.Help.About.rtxtHelp.html
Lewis.SST.Help.About.txtComments.html
Lewis.SST.Help.About.txtCompany.html
Lewis.SST.Help.About.txtCRT.html
Lewis.SST.Help.About.txtDescription.html
Lewis.SST.Help.About.txtProductName.html
Lewis.SST.Help.About.txtVer.html
Lewis.SST.Help.AboutProperties.html
Lewis.SST.Help.About.Message.html
Lewis.SST.Help.AboutMethods.html
Lewis.SST.Help.About.btnOk_Click.html
Lewis.SST.Help.About.Dispose_overloads.html
Lewis.SST.Help.About.Dispose_overload_1.html
Lewis.SST.Help.About.initHelpMsg_overloads.html
Lewis.SST.Help.About.initHelpMsg_overload_2.html
Lewis.SST.Help.About.initHelpMsg_overload_1.html
Lewis.SST.Help.About.InitializeComponent.html
Lewis.SST.Help.About.ShowText.html
Lewis.SST.Help.HelpText.html
Lewis.SST.Help.HelpTextMembers.html
Lewis.SST.Help.HelpTextFields.html
Lewis.SST.Help.HelpText._help.html
Lewis.SST.Help.HelpTextProperties.html
Lewis.SST.Help.HelpText.SSTUsageString.html
Lewis.SST.Help.HelpTextMethods.html
Lewis.SST.Help.HelpText.DisplayDefaultHelp_overloads.html
Lewis.SST.Help.HelpText.DisplayDefaultHelp_overload_1.html
Lewis.SST.Help.HelpText.DisplayDefaultHelp_overload_2.html
Lewis.SST.Help.HelpText.DisplayDefaultHelp_overload_3.html
Lewis.SST.SecurityMethods.html
Lewis.SST.SecurityMethodsHierarchy.html
Lewis.SST.SecurityMethods.Security.html
Lewis.SST.SecurityMethods.SecurityMembers.html
Lewis.SST.SecurityMethods.SecurityConstructor.html
Lewis.SST.SecurityMethods.SecurityMethods.html
Lewis.SST.SecurityMethods.Security.DecryptString.html
Lewis.SST.SecurityMethods.Security.EncryptString.html
Lewis.SST.SecurityMethods.Security.GenerateKey.html
Lewis.SST.SecurityMethods.Security.ZeroMemory.html
Lewis.SST.SQLMethods.html
Lewis.SST.SQLMethodsHierarchy.html
Lewis.SST.SQLMethods.SecurityType.html
Lewis.SST.SQLMethods.SQLConnection.html
Lewis.SST.SQLMethods.SQLConnectionMembers.html
Lewis.SST.SQLMethods.SQLConnectionConstructor.html
Lewis.SST.SQLMethods.SQLConnectionConstructor1.html
Lewis.SST.SQLMethods.SQLConnectionConstructor2.html
Lewis.SST.SQLMethods.SQLConnectionConstructor3.html
Lewis.SST.SQLMethods.SQLConnectionFields.html
Lewis.SST.SQLMethods.SQLConnection._connectionString.html
Lewis.SST.SQLMethods.SQLConnection._password.html
Lewis.SST.SQLMethods.SQLConnection._savePassword.html
Lewis.SST.SQLMethods.SQLConnection._sqlConnection.html
Lewis.SST.SQLMethods.SQLConnectionProperties.html
Lewis.SST.SQLMethods.SQLConnection.ConnectionString.html
Lewis.SST.SQLMethods.SQLConnection.EncryptedConnectionString.html
Lewis.SST.SQLMethods.SQLConnection.Password.html
Lewis.SST.SQLMethods.SQLConnection.SavePassword.html
Lewis.SST.SQLMethods.SQLConnection.securityType.html
Lewis.SST.SQLMethods.SQLConnection.Server.html
Lewis.SST.SQLMethods.SQLConnection.sqlConnection.html
Lewis.SST.SQLMethods.SQLConnection.User.html
Lewis.SST.SQLMethods.SQLConnections.html
Lewis.SST.SQLMethods.SQLConnectionsMembers.html
Lewis.SST.SQLMethods.SQLConnectionsConstructor.html
Lewis.SST.SQLMethods.SQLConnectionsConstructor1.html
Lewis.SST.SQLMethods.SQLConnectionsConstructor2.html
Lewis.SST.SQLMethods.SQLConnectionsConstructor3.html
Lewis.SST.SQLMethods.SQLConnectionsConstructor4.html
Lewis.SST.SQLMethods.SQLConnectionsStaticConstructor.html
Lewis.SST.SQLMethods.SQLConnectionsFields.html
Lewis.SST.SQLMethods.SQLConnections._secureConnect.html
Lewis.SST.SQLMethods.SQLConnections._unsecureConnect.html
Lewis.SST.SQLMethods.SQLConnectionsProperties.html
Lewis.SST.SQLMethods.SQLConnectionsItem.html
Lewis.SST.SQLMethods.SQLConnections.Item1.html
Lewis.SST.SQLMethods.SQLConnections.Item2.html
Lewis.SST.SQLMethods.SQLConnectionsMethods.html
Lewis.SST.SQLMethods.SQLConnections.Add_overloads.html
Lewis.SST.SQLMethods.SQLConnections.Add_overload_1.html
Lewis.SST.SQLMethods.SQLConnections.Add_overload_4.html
Lewis.SST.SQLMethods.SQLConnections.Add_overload_3.html
Lewis.SST.SQLMethods.SQLConnections.Add_overload_2.html
Lewis.SST.SQLMethods.SQLConnections.AddEncrypted.html
Lewis.SST.SQLMethods.SQLConnections.getIndex.html
Lewis.SST.SQLMethods.SQLConnections.Remove.html
Lewis.SST.SQLMethods.SQLData.html
Lewis.SST.SQLMethods.SQLDataMembers.html
Lewis.SST.SQLMethods.SQLDataStaticConstructor.html
Lewis.SST.SQLMethods.SQLDataFields.html
Lewis.SST.SQLMethods.SQLData.logger.html
Lewis.SST.SQLMethods.SQLData.XmlDiffBody.html
Lewis.SST.SQLMethods.SQLData.XmlDiffHeader.html
Lewis.SST.SQLMethods.SQLDataMethods.html
Lewis.SST.SQLMethods.SQLData.CompareData.html
Lewis.SST.SQLMethods.SQLData.ConstructData.html
Lewis.SST.SQLMethods.SQLData.CopyTable.html
Lewis.SST.SQLMethods.SQLData.GetData.html
Lewis.SST.SQLMethods.SQLData.GetDBTableNames.html
Lewis.SST.SQLMethods.SQLData.GetXMLData.html
Lewis.SST.SQLMethods.SQLData.SideBySideXmlNotepadHeader.html
Lewis.SST.SQLMethods.SQLServers.html
Lewis.SST.SQLMethods.SQLServersMembers.html
Lewis.SST.SQLMethods.SQLServersFields.html
Lewis.SST.SQLMethods.SQLServers.getDB_Names.html
Lewis.SST.SQLMethods.SQLServersMethods.html
Lewis.SST.SQLMethods.SQLServers.GetDBNames.html
Lewis.SST.SQLMethods.SQLServers.GetSQLServers.html
Lewis.SST.SQLObjects.html
Lewis.SST.SQLObjectsHierarchy.html
Lewis.SST.SQLObjects.BaseObject.html
Lewis.SST.SQLObjects.BaseObjectHierarchy.html
Lewis.SST.SQLObjects.BaseObjectMembers.html
Lewis.SST.SQLObjects.BaseObjectConstructor.html
Lewis.SST.SQLObjects.BaseObjectConstructor1.html
Lewis.SST.SQLObjects.BaseObjectConstructor2.html
Lewis.SST.SQLObjects.BaseObjectStaticConstructor.html
Lewis.SST.SQLObjects.BaseObjectFields.html
Lewis.SST.SQLObjects.BaseObject._dbName.html
Lewis.SST.SQLObjects.BaseObject.logger.html
Lewis.SST.SQLObjects.BaseObject.no_precision_types.html
Lewis.SST.SQLObjects.BaseObjectProperties.html
Lewis.SST.SQLObjects.BaseObject.Item.html
Lewis.SST.SQLObjects.BaseObjectMethods.html
Lewis.SST.SQLObjects.BaseObject._MergeFailed.html
Lewis.SST.SQLObjects.BaseObject.Add.html
Lewis.SST.SQLObjects.BaseObject.AddMissingTableColumn.html
Lewis.SST.SQLObjects.BaseObject.GetObject.html
Lewis.SST.SQLObjects.COLUMN.html
Lewis.SST.SQLObjects.COLUMNMembers.html
Lewis.SST.SQLObjects.COLUMNConstructor.html
Lewis.SST.SQLObjects.COLUMNConstructor1.html
Lewis.SST.SQLObjects.COLUMNConstructor2.html
Lewis.SST.SQLObjects.COLUMNFields.html
Lewis.SST.SQLObjects.COLUMN._action.html
Lewis.SST.SQLObjects.COLUMN._ansipad.html
Lewis.SST.SQLObjects.COLUMN._base_type.html
Lewis.SST.SQLObjects.COLUMN._calc_Text.html
Lewis.SST.SQLObjects.COLUMN._collation.html
Lewis.SST.SQLObjects.COLUMN._column_Name.html
Lewis.SST.SQLObjects.COLUMN._computed.html
Lewis.SST.SQLObjects.COLUMN._default_name.html
Lewis.SST.SQLObjects.COLUMN._default_orig_name.html
Lewis.SST.SQLObjects.COLUMN._default_orig_value.html
Lewis.SST.SQLObjects.COLUMN._default_owner.html
Lewis.SST.SQLObjects.COLUMN._default_value.html
Lewis.SST.SQLObjects.COLUMN._full_text.html
Lewis.SST.SQLObjects.COLUMN._identity.html
Lewis.SST.SQLObjects.COLUMN._increment.html
Lewis.SST.SQLObjects.COLUMN._length.html
Lewis.SST.SQLObjects.COLUMN._notforrepl.html
Lewis.SST.SQLObjects.COLUMN._nullable.html
Lewis.SST.SQLObjects.COLUMN._ORIG_rowguidcol.html
Lewis.SST.SQLObjects.COLUMN._prec.html
Lewis.SST.SQLObjects.COLUMN._rowguidcol.html
Lewis.SST.SQLObjects.COLUMN._rule_name.html
Lewis.SST.SQLObjects.COLUMN._rule_orig_name.html
Lewis.SST.SQLObjects.COLUMN._rule_orig_owner.html
Lewis.SST.SQLObjects.COLUMN._rule_owner.html
Lewis.SST.SQLObjects.COLUMN._scale.html
Lewis.SST.SQLObjects.COLUMN._seed.html
Lewis.SST.SQLObjects.COLUMN._table_Name.html
Lewis.SST.SQLObjects.COLUMN._type.html
Lewis.SST.SQLObjects.COLUMNProperties.html
Lewis.SST.SQLObjects.COLUMN.Action.html
Lewis.SST.SQLObjects.COLUMN.AnsiPad.html
Lewis.SST.SQLObjects.COLUMN.Base_Type.html
Lewis.SST.SQLObjects.COLUMN.Calc_Text.html
Lewis.SST.SQLObjects.COLUMN.Collation.html
Lewis.SST.SQLObjects.COLUMN.Column_Name.html
Lewis.SST.SQLObjects.COLUMN.Default_Name.html
Lewis.SST.SQLObjects.COLUMN.Default_Orig_Name.html
Lewis.SST.SQLObjects.COLUMN.Default_Orig_Value.html
Lewis.SST.SQLObjects.COLUMN.Default_Owner.html
Lewis.SST.SQLObjects.COLUMN.Default_Value.html
Lewis.SST.SQLObjects.COLUMN.FullText.html
Lewis.SST.SQLObjects.COLUMN.Increment.html
Lewis.SST.SQLObjects.COLUMN.isComputed.html
Lewis.SST.SQLObjects.COLUMN.isIdentity.html
Lewis.SST.SQLObjects.COLUMN.isNullable.html
Lewis.SST.SQLObjects.COLUMN.isRowGuidCol.html
Lewis.SST.SQLObjects.COLUMN.Length.html
Lewis.SST.SQLObjects.COLUMN.NotforRepl.html
Lewis.SST.SQLObjects.COLUMN.ORIG_RowGuidCol.html
Lewis.SST.SQLObjects.COLUMN.Prec.html
Lewis.SST.SQLObjects.COLUMN.Rule_Name.html
Lewis.SST.SQLObjects.COLUMN.Rule_Orig_Name.html
Lewis.SST.SQLObjects.COLUMN.Rule_Orig_Owner.html
Lewis.SST.SQLObjects.COLUMN.Rule_Owner.html
Lewis.SST.SQLObjects.COLUMN.Scale.html
Lewis.SST.SQLObjects.COLUMN.Seed.html
Lewis.SST.SQLObjects.COLUMN.TABLE_NAME.html
Lewis.SST.SQLObjects.COLUMN.Type.html
Lewis.SST.SQLObjects.COLUMNMethods.html
Lewis.SST.SQLObjects.COLUMN.Convert.html
Lewis.SST.SQLObjects.COLUMN.ColumnAction.html
Lewis.SST.SQLObjects.ColumnCollection.html
Lewis.SST.SQLObjects.ColumnCollectionMembers.html
Lewis.SST.SQLObjects.ColumnCollectionConstructor.html
Lewis.SST.SQLObjects.ColumnCollectionConstructor1.html
Lewis.SST.SQLObjects.ColumnCollectionConstructor2.html
Lewis.SST.SQLObjects.ColumnCollectionFields.html
Lewis.SST.SQLObjects.ColumnCollection._action.html
Lewis.SST.SQLObjects.ColumnCollection._tableName.html
Lewis.SST.SQLObjects.ColumnCollectionProperties.html
Lewis.SST.SQLObjects.ColumnCollection.Item.html
Lewis.SST.SQLObjects.ColumnCollection.SchemaAction.html
Lewis.SST.SQLObjects.ColumnCollection.TableName.html
Lewis.SST.SQLObjects.ColumnCollectionMethods.html
Lewis.SST.SQLObjects.ColumnCollection.Add.html
Lewis.SST.SQLObjects.ColumnCollection.Contains.html
Lewis.SST.SQLObjects.ColumnCollection.SerializeAsXmlNode.html
Lewis.SST.SQLObjects.Defaults.html
Lewis.SST.SQLObjects.DefaultsMembers.html
Lewis.SST.SQLObjects.DefaultsConstructor.html
Lewis.SST.SQLObjects.DefaultsConstructor1.html
Lewis.SST.SQLObjects.DefaultsConstructor2.html
Lewis.SST.SQLObjects.DefaultsMethods.html
Lewis.SST.SQLObjects.Defaults.GetObject.html
Lewis.SST.SQLObjects.DTSPackages.html
Lewis.SST.SQLObjects.DTSPackagesMembers.html
Lewis.SST.SQLObjects.DTSPackagesConstructor.html
Lewis.SST.SQLObjects.DTSPackagesConstructor1.html
Lewis.SST.SQLObjects.DTSPackagesConstructor2.html
Lewis.SST.SQLObjects.DTSPackagesMethods.html
Lewis.SST.SQLObjects.DTSPackages.GetDTSPackages_overloads.html
Lewis.SST.SQLObjects.DTSPackages.GetDTSPackages_overload_1.html
Lewis.SST.SQLObjects.DTSPackages.GetDTSPackages_overload_2.html
Lewis.SST.SQLObjects.DTSPackages.GetObject.html
Lewis.SST.SQLObjects.Funcs.html
Lewis.SST.SQLObjects.FuncsMembers.html
Lewis.SST.SQLObjects.FuncsConstructor.html
Lewis.SST.SQLObjects.FuncsConstructor1.html
Lewis.SST.SQLObjects.FuncsConstructor2.html
Lewis.SST.SQLObjects.FuncsMethods.html
Lewis.SST.SQLObjects.Funcs.GetObject.html
Lewis.SST.SQLObjects.Jobs.html
Lewis.SST.SQLObjects.JobsMembers.html
Lewis.SST.SQLObjects.JobsConstructor.html
Lewis.SST.SQLObjects.JobsMethods.html
Lewis.SST.SQLObjects.Jobs.GetObject.html
Lewis.SST.SQLObjects.Rules.html
Lewis.SST.SQLObjects.RulesMembers.html
Lewis.SST.SQLObjects.RulesConstructor.html
Lewis.SST.SQLObjects.RulesConstructor1.html
Lewis.SST.SQLObjects.RulesConstructor2.html
Lewis.SST.SQLObjects.RulesMethods.html
Lewis.SST.SQLObjects.Rules.GetObject.html
Lewis.SST.SQLObjects.Sprocs.html
Lewis.SST.SQLObjects.SprocsMembers.html
Lewis.SST.SQLObjects.SprocsConstructor.html
Lewis.SST.SQLObjects.SprocsConstructor1.html
Lewis.SST.SQLObjects.SprocsConstructor2.html
Lewis.SST.SQLObjects.SprocsMethods.html
Lewis.SST.SQLObjects.Sprocs.GetObject.html
Lewis.SST.SQLObjects.SqlQueryStrings.html
Lewis.SST.SQLObjects.SqlQueryStringsMembers.html
Lewis.SST.SQLObjects.SqlQueryStringsFields.html
Lewis.SST.SQLObjects.SqlQueryStrings.ForceTableFileGroups.html
Lewis.SST.SQLObjects.SqlQueryStrings.GetColumns.html
Lewis.SST.SQLObjects.SqlQueryStrings.GetDataBaseObjects.html
Lewis.SST.SQLObjects.SqlQueryStrings.GetDefaultsList.html
Lewis.SST.SQLObjects.SqlQueryStrings.GetDefaultsSchema.html
Lewis.SST.SQLObjects.SqlQueryStrings.GetDTSPackagesList.html
Lewis.SST.SQLObjects.SqlQueryStrings.GetFuncSchema.html
Lewis.SST.SQLObjects.SqlQueryStrings.GetFuncsList.html
Lewis.SST.SQLObjects.SqlQueryStrings.GetIndexes.html
Lewis.SST.SQLObjects.SqlQueryStrings.GetRulesList.html
Lewis.SST.SQLObjects.SqlQueryStrings.GetRulesSchema.html
Lewis.SST.SQLObjects.SqlQueryStrings.GetSprocSchema.html
Lewis.SST.SQLObjects.SqlQueryStrings.GetSprocsList.html
Lewis.SST.SQLObjects.SqlQueryStrings.GetTableFileGroups.html
Lewis.SST.SQLObjects.SqlQueryStrings.GetTableReferences.html
Lewis.SST.SQLObjects.SqlQueryStrings.GetTableSchema.html
Lewis.SST.SQLObjects.SqlQueryStrings.GetTablesList.html
Lewis.SST.SQLObjects.SqlQueryStrings.GetTriggersList.html
Lewis.SST.SQLObjects.SqlQueryStrings.GetTriggersSchema.html
Lewis.SST.SQLObjects.SqlQueryStrings.GetUDDTsList.html
Lewis.SST.SQLObjects.SqlQueryStrings.GetViewSchema.html
Lewis.SST.SQLObjects.SqlQueryStrings.GetViewsList.html
Lewis.SST.SQLObjects.Tables.html
Lewis.SST.SQLObjects.TablesMembers.html
Lewis.SST.SQLObjects.TablesConstructor.html
Lewis.SST.SQLObjects.TablesConstructor1.html
Lewis.SST.SQLObjects.TablesConstructor2.html
Lewis.SST.SQLObjects.TablesMethods.html
Lewis.SST.SQLObjects.Tables.GetObject.html
Lewis.SST.SQLObjects.Triggers.html
Lewis.SST.SQLObjects.TriggersMembers.html
Lewis.SST.SQLObjects.TriggersConstructor.html
Lewis.SST.SQLObjects.TriggersConstructor1.html
Lewis.SST.SQLObjects.TriggersConstructor2.html
Lewis.SST.SQLObjects.TriggersMethods.html
Lewis.SST.SQLObjects.Triggers.GetObject.html
Lewis.SST.SQLObjects.UDDTs.html
Lewis.SST.SQLObjects.UDDTsMembers.html
Lewis.SST.SQLObjects.UDDTsConstructor.html
Lewis.SST.SQLObjects.UDDTsConstructor1.html
Lewis.SST.SQLObjects.UDDTsConstructor2.html
Lewis.SST.SQLObjects.UDDTsMethods.html
Lewis.SST.SQLObjects.UDDTs.GetObject.html
Lewis.SST.SQLObjects.Views.html
Lewis.SST.SQLObjects.ViewsMembers.html
Lewis.SST.SQLObjects.ViewsConstructor.html
Lewis.SST.SQLObjects.ViewsConstructor1.html
Lewis.SST.SQLObjects.ViewsConstructor2.html
Lewis.SST.SQLObjects.ViewsMethods.html
Lewis.SST.SQLObjects.Views.GetObject.html
Generating HTML content file...
transform the HHC contents file into html
Compiling HTML Help file...
Compiling Html Help file
Microsoft HTML Help Compiler 4.74.8702

Compiling c:\Documents and Settings\llewis.VPI\My Documents\My Projects\SQL Schema Tool\doc\ndoc_msdn_temp\SQL Schema Tool Help.chm


Compile time: 0 minutes, 3 seconds
380	Topics
2,370	Local links
2	Internet links
12	Graphics


Created c:\Documents and Settings\llewis.VPI\My Documents\My Projects\SQL Schema Tool\doc\ndoc_msdn_temp\SQL Schema Tool Help.chm, 297,300 bytes
Compression decreased file by 1,737,074 bytes.

Html Help compile complete
Done.
